[2026-01-02T03:38:56.915Z] [SAFECORE_AUDIT] [LOW] StateManager: System Initialized (NORMAL)
[2026-01-02T03:38:56.918Z] [SAFECORE_AUDIT] [CRITICAL] Unauth logic access attempt
[2026-01-02T03:38:56.919Z] [SAFECORE_AUDIT] [LOW] Logic boundary crossed
[2026-01-02T03:38:56.924Z] [SAFECORE_AUDIT] [HIGH] Malicious input blocked: Pattern matched: /SELECT \* FROM/i
{"timestamp":"2026-01-02T17:41:22.792Z","level":"INFO","message":"Layer Orchestrator Initialized","metadata":{},"prevHash":null,"hash":"197ec6acd58361489360d9ad74363ae7437ec41ce756d4a177d8844cd419cf73"}
[2026-01-02T17:41:22.806Z] [SAFECORE_AUDIT] [LOW] StateManager: System Initialized (NORMAL)
[2026-01-02T17:41:22.807Z] [SAFECORE_AUDIT] [CRITICAL] Unauth logic access attempt
{"timestamp":"2026-01-02T17:41:22.809Z","level":"LOW","message":"Security chain execution started","metadata":{"action":"READ"},"prevHash":"197ec6acd58361489360d9ad74363ae7437ec41ce756d4a177d8844cd419cf73","hash":"b6b500495cae52dcb18dd2444671c793f2927fa7951300f6c0d84b40442c30a0"}
{"timestamp":"2026-01-02T17:41:22.812Z","level":"LOW","message":"Auth successful for role: ADMIN","metadata":{"sessionId":"session_7z0krwc79"},"prevHash":"b6b500495cae52dcb18dd2444671c793f2927fa7951300f6c0d84b40442c30a0","hash":"7772a29725e58549606ae02e88ec169cc475c0e3ca69e4425370c6ae3185b982"}
[2026-01-02T17:41:22.814Z] [SAFECORE_AUDIT] [LOW] Logic boundary crossed
{"timestamp":"2026-01-02T17:41:22.816Z","level":"LOW","message":"Security chain execution started","metadata":{"action":"SANITIZE"},"prevHash":"7772a29725e58549606ae02e88ec169cc475c0e3ca69e4425370c6ae3185b982","hash":"575ddea8aa8351aea6fe6734a7123909ced5386008fd7a35226abb9f4f0a14f4"}
{"timestamp":"2026-01-02T17:41:22.818Z","level":"LOW","message":"Security chain execution started","metadata":{"action":"SANITIZE"},"prevHash":"575ddea8aa8351aea6fe6734a7123909ced5386008fd7a35226abb9f4f0a14f4","hash":"5874ca9ef31b907a83c2a53c0c65bab79d5f953dd4cfe33055c1d4727ab813b1"}
{"timestamp":"2026-01-02T17:41:22.820Z","level":"HIGH","message":"Threat detected: /SELECT \\* FROM/i","metadata":{"inputSnippet":"SELECT * FROM users"},"prevHash":"5874ca9ef31b907a83c2a53c0c65bab79d5f953dd4cfe33055c1d4727ab813b1","hash":"c373a93c1d81cef85d68f66174e634cb6ac1fdc54325a260ef0299eb3e706041"}
{"timestamp":"2026-01-02T17:41:22.822Z","level":"CRITICAL","message":"Security chain failure: SafeCore Security Violation: Malicious pattern matched: /SELECT \\* FROM/i","metadata":{},"prevHash":"c373a93c1d81cef85d68f66174e634cb6ac1fdc54325a260ef0299eb3e706041","hash":"b20d34259aa3c848cff2e141a6a6c89207f9a6a09f3466e3a49da6ce70685ca7"}
{"timestamp":"2026-01-02T17:55:09.613Z","level":"INFO","message":"Layer Orchestrator Initialized","metadata":{},"prevHash":"b20d34259aa3c848cff2e141a6a6c89207f9a6a09f3466e3a49da6ce70685ca7","hash":"115e6e748cc9522f041e9b145c6a9b44a83f22b9a8df033d5191a5a20b1b6d7d"}
[2026-01-02T17:55:09.675Z] [SAFECORE_AUDIT] [LOW] StateManager: System Initialized (NORMAL)
[2026-01-02T17:55:09.676Z] [SAFECORE_AUDIT] [CRITICAL] Unauth logic access attempt
[2026-01-02T17:55:09.677Z] [SAFECORE_AUDIT] [HIGH] Gateway Blocked Request: SafeCore: Access Denied
{"timestamp":"2026-01-02T17:55:09.681Z","level":"LOW","message":"Security chain execution started","metadata":{"action":"ACCESS"},"prevHash":"115e6e748cc9522f041e9b145c6a9b44a83f22b9a8df033d5191a5a20b1b6d7d","hash":"714b494799e49f1638149882b810e44f687282930d48201ecd0eed11e0b397ed"}
{"timestamp":"2026-01-02T17:55:09.683Z","level":"LOW","message":"Auth successful for role: ADMIN","metadata":{"sessionId":"session_3axmjb2dx"},"prevHash":"714b494799e49f1638149882b810e44f687282930d48201ecd0eed11e0b397ed","hash":"c52a7148c058959c115c3632830d85c482cdc726088dc16da2ebe2c8f52330ba"}
[2026-01-02T17:55:09.684Z] [SAFECORE_AUDIT] [LOW] Logic boundary crossed
{"timestamp":"2026-01-02T17:55:09.685Z","level":"LOW","message":"Security chain execution started","metadata":{"action":"SANITIZE"},"prevHash":"c52a7148c058959c115c3632830d85c482cdc726088dc16da2ebe2c8f52330ba","hash":"992bacc4c895377a9c5bf28f50db9c393a5a5c56fe740c69130993b6b364237f"}
{"timestamp":"2026-01-02T17:55:09.688Z","level":"LOW","message":"Security chain execution started","metadata":{"action":"PROTECT_AND_STORE"},"prevHash":"992bacc4c895377a9c5bf28f50db9c393a5a5c56fe740c69130993b6b364237f","hash":"1249f65ad4fc964bf52715b71a1987b93ab22091948ab1c932a2363e9ac16c10"}
{"timestamp":"2026-01-02T17:55:09.691Z","level":"LOW","message":"Data encrypted","metadata":{"keyId":"default"},"prevHash":"1249f65ad4fc964bf52715b71a1987b93ab22091948ab1c932a2363e9ac16c10","hash":"ef6186eee02a89369b00444b98ac9555566e16d20fcca5aa16b98fb52fa0780a"}
{"timestamp":"2026-01-02T17:55:09.695Z","level":"LOW","message":"Security chain execution started","metadata":{"action":"ACCESS"},"prevHash":"ef6186eee02a89369b00444b98ac9555566e16d20fcca5aa16b98fb52fa0780a","hash":"4f4d5743244ed6cd432946310f0de1c479c9e0f965059b351af74da361bfdbbd"}
{"timestamp":"2026-01-02T17:55:09.697Z","level":"LOW","message":"Auth successful for role: ADMIN","metadata":{"sessionId":"session_5rpwc464z"},"prevHash":"4f4d5743244ed6cd432946310f0de1c479c9e0f965059b351af74da361bfdbbd","hash":"c856d48f20fe0c56a472a1e9b87538803e91f4b47d9bd5646a23550048d36d2d"}
[2026-01-02T17:55:09.698Z] [SAFECORE_AUDIT] [LOW] Logic boundary crossed
{"timestamp":"2026-01-02T17:55:09.699Z","level":"LOW","message":"Security chain execution started","metadata":{"action":"SANITIZE"},"prevHash":"c856d48f20fe0c56a472a1e9b87538803e91f4b47d9bd5646a23550048d36d2d","hash":"6a14bfe4c1dbbd733b814079e9bcaac41da2b6872a01ac8209e203df014fe956"}
{"timestamp":"2026-01-02T17:55:09.701Z","level":"HIGH","message":"Threat detected: /<script>/i","metadata":{"inputSnippet":"<script>alert(1)</script>"},"prevHash":"6a14bfe4c1dbbd733b814079e9bcaac41da2b6872a01ac8209e203df014fe956","hash":"cf68f12c3882ddb86ad196ba73bbcd63867b331b35f57904bf9b02064321b184"}
{"timestamp":"2026-01-02T17:55:09.703Z","level":"CRITICAL","message":"Security chain failure: SafeCore Security Violation: Malicious pattern matched: /<script>/i","metadata":{},"prevHash":"cf68f12c3882ddb86ad196ba73bbcd63867b331b35f57904bf9b02064321b184","hash":"9cbc9b55f3adc3a28714c13fa506bd236381c2f4732f6a342b531aa686c22d55"}
[2026-01-02T18:13:47.548Z] [SAFECORE_AUDIT] [LOW] StateManager: System Initialized (NORMAL)
{"timestamp":"2026-01-02T18:13:47.552Z","level":"INFO","message":"Layer Orchestrator Initialized","metadata":{},"prevHash":"9cbc9b55f3adc3a28714c13fa506bd236381c2f4732f6a342b531aa686c22d55","hash":"6fd2275955bb79c00d75383f81f134561ba5290d179ccfbf21adce112cda20b4"}
[2026-01-02T18:13:47.624Z] [SAFECORE_AUDIT] [CRITICAL] Unauth logic access attempt
[2026-01-02T18:13:47.625Z] [SAFECORE_AUDIT] [HIGH] Gateway Blocked Request: SafeCore: Access Denied
{"timestamp":"2026-01-02T18:13:47.637Z","level":"LOW","message":"Security chain execution started","metadata":{"action":"ACCESS"},"prevHash":"6fd2275955bb79c00d75383f81f134561ba5290d179ccfbf21adce112cda20b4","hash":"54b2fed04c433098b249289e01f63d4194d906c1fb32ea30c683305d6def8f1d"}
{"timestamp":"2026-01-02T18:13:47.639Z","level":"LOW","message":"Auth successful for role: ADMIN","metadata":{"sessionId":"session_ham6agzaz"},"prevHash":"54b2fed04c433098b249289e01f63d4194d906c1fb32ea30c683305d6def8f1d","hash":"0e7a628f1a8fe8653c87c559023063140a3cdf0c3260e43721a8d05f5f6325c4"}
[2026-01-02T18:13:47.641Z] [SAFECORE_AUDIT] [LOW] Logic boundary crossed
{"timestamp":"2026-01-02T18:13:47.643Z","level":"LOW","message":"Security chain execution started","metadata":{"action":"SANITIZE"},"prevHash":"0e7a628f1a8fe8653c87c559023063140a3cdf0c3260e43721a8d05f5f6325c4","hash":"9c6c987bf78090246310a45508803cf8171d3d17b1c407687fea59b2a0f94b64"}
{"timestamp":"2026-01-02T18:13:47.645Z","level":"LOW","message":"Security chain execution started","metadata":{"action":"PROTECT_AND_STORE"},"prevHash":"9c6c987bf78090246310a45508803cf8171d3d17b1c407687fea59b2a0f94b64","hash":"f3d9acff9b4a27d6cc019c0d402c4688c2d090a653f23caa21eab56dae8bfcb5"}
{"timestamp":"2026-01-02T18:13:47.648Z","level":"LOW","message":"Data encrypted","metadata":{"keyId":"default"},"prevHash":"f3d9acff9b4a27d6cc019c0d402c4688c2d090a653f23caa21eab56dae8bfcb5","hash":"57ae482cc5b1684dde4553f3411331d9f0bc6b356c5aa7c9cbfba03e5fa43974"}
{"timestamp":"2026-01-02T18:13:47.652Z","level":"LOW","message":"Security chain execution started","metadata":{"action":"ACCESS"},"prevHash":"57ae482cc5b1684dde4553f3411331d9f0bc6b356c5aa7c9cbfba03e5fa43974","hash":"e25d739a0d231c43290f4d99b1bfdc4b10b7c53ce2989490f22ff76b04d9df21"}
{"timestamp":"2026-01-02T18:13:47.653Z","level":"LOW","message":"Auth successful for role: ADMIN","metadata":{"sessionId":"session_x32jl2m3k"},"prevHash":"e25d739a0d231c43290f4d99b1bfdc4b10b7c53ce2989490f22ff76b04d9df21","hash":"bd69df01fc1735e509c4fdd756ec9be5a2e91bc464ec770045e6a80c0e1da06a"}
[2026-01-02T18:13:47.655Z] [SAFECORE_AUDIT] [LOW] Logic boundary crossed
{"timestamp":"2026-01-02T18:13:47.655Z","level":"LOW","message":"Security chain execution started","metadata":{"action":"SANITIZE"},"prevHash":"bd69df01fc1735e509c4fdd756ec9be5a2e91bc464ec770045e6a80c0e1da06a","hash":"1c7a3fcfd9a804a5b7173a81be90846dd08d41df9823ea97f86bdde591dd6e6c"}
{"timestamp":"2026-01-02T18:13:47.657Z","level":"HIGH","message":"Threat detected: /<script>/i","metadata":{"inputSnippet":"<script>alert(1)</script>"},"prevHash":"1c7a3fcfd9a804a5b7173a81be90846dd08d41df9823ea97f86bdde591dd6e6c","hash":"7b24dd904f89b354091c5fdd7922964e5a7da854b17332c3ba89e93dcb6fff56"}
{"timestamp":"2026-01-02T18:13:47.658Z","level":"CRITICAL","message":"Security chain failure: SafeCore Security Violation: Malicious pattern matched: /<script>/i","metadata":{},"prevHash":"7b24dd904f89b354091c5fdd7922964e5a7da854b17332c3ba89e93dcb6fff56","hash":"5038dafd912365159bef18edc20a358da5e20f5eec881a134ca9f377ebd4c039"}
[2026-01-02T18:13:47.660Z] [SAFECORE_AUDIT] [CRITICAL] !!! CRITICAL SYSTEM LOCKDOWN !!! Reason: Critical Security Violation Detected: SafeCore Security Violation: Malicious pattern matched: /<script>/i
[2026-01-02T21:37:45.724Z] [SAFECORE_AUDIT] [LOW] StateManager: System Initialized (NORMAL)
{"timestamp":"2026-01-02T21:37:45.728Z","level":"INFO","message":"Layer Orchestrator Initialized","metadata":{},"prevHash":"5038dafd912365159bef18edc20a358da5e20f5eec881a134ca9f377ebd4c039","hash":"67aa9a4f1da534435fd37a87e9abe82e5c190ccaa7e834175cc39188dcfbb03c"}
[2026-01-02T21:37:45.732Z] [SAFECORE_AUDIT] [CRITICAL] Unauth logic access attempt
{"timestamp":"2026-01-02T21:37:45.733Z","level":"LOW","message":"Security chain execution started","metadata":{"action":"READ"},"prevHash":"67aa9a4f1da534435fd37a87e9abe82e5c190ccaa7e834175cc39188dcfbb03c","hash":"60d2b1c7e2f708118a1e77fa03f4a97738d555c648d7dae225ba934bd9c052a4"}
{"timestamp":"2026-01-02T21:37:45.735Z","level":"LOW","message":"Auth successful for role: ADMIN","metadata":{"sessionId":"session_tqtd7sw9u"},"prevHash":"60d2b1c7e2f708118a1e77fa03f4a97738d555c648d7dae225ba934bd9c052a4","hash":"09e126e6c962ce8baa8c4a3174fd27349c0682688b3c359bc675cc0411c04893"}
[2026-01-02T21:37:45.736Z] [SAFECORE_AUDIT] [LOW] Logic boundary crossed
{"timestamp":"2026-01-02T21:37:45.736Z","level":"LOW","message":"Security chain execution started","metadata":{"action":"SANITIZE"},"prevHash":"09e126e6c962ce8baa8c4a3174fd27349c0682688b3c359bc675cc0411c04893","hash":"484928cdd9d827dbb31fa3572ba16bf13770999da3bea99f78967ace19d80687"}
{"timestamp":"2026-01-02T21:37:45.737Z","level":"LOW","message":"Security chain execution started","metadata":{"action":"SANITIZE"},"prevHash":"484928cdd9d827dbb31fa3572ba16bf13770999da3bea99f78967ace19d80687","hash":"f3bd363a0ac3acb4b89cfaa5c4f32aa2a392d20da40a7bd27f9ddc9c12f17d4c"}
{"timestamp":"2026-01-02T21:37:45.739Z","level":"HIGH","message":"Threat detected: /SELECT \\* FROM/i","metadata":{"inputSnippet":"SELECT * FROM users"},"prevHash":"f3bd363a0ac3acb4b89cfaa5c4f32aa2a392d20da40a7bd27f9ddc9c12f17d4c","hash":"8439713f29be8fa0fb65731f0fa7db4575fc54f13411405b260c8e1f7c2e9a6b"}
{"timestamp":"2026-01-02T21:37:45.740Z","level":"CRITICAL","message":"Security chain failure: SafeCore Security Violation: Malicious pattern matched: /SELECT \\* FROM/i","metadata":{},"prevHash":"8439713f29be8fa0fb65731f0fa7db4575fc54f13411405b260c8e1f7c2e9a6b","hash":"a2a9d22e6ae1bfd25f155374ea4d370c61c9b08c4dc66f4cfec6ca7b546cf84e"}
[2026-01-02T21:37:45.741Z] [SAFECORE_AUDIT] [CRITICAL] !!! CRITICAL SYSTEM LOCKDOWN !!! Reason: Critical Security Violation Detected: SafeCore Security Violation: Malicious pattern matched: /SELECT \* FROM/i
[2026-01-02T21:51:15.406Z] [SAFECORE_AUDIT] [LOW] StateManager: System Initialized (NORMAL)
{"timestamp":"2026-01-02T21:51:15.413Z","level":"INFO","message":"Layer Orchestrator Initialized","metadata":{},"prevHash":"a2a9d22e6ae1bfd25f155374ea4d370c61c9b08c4dc66f4cfec6ca7b546cf84e","hash":"b0250045845aad1651305d246714e5bfa7ae1735665c297cc4bb7e6b53f17d85"}
{"timestamp":"2026-01-02T21:51:15.419Z","level":"LOW","message":"Security chain execution started","metadata":{"action":"DATA_WRITE"},"prevHash":"b0250045845aad1651305d246714e5bfa7ae1735665c297cc4bb7e6b53f17d85","hash":"1337773079ba78386dbb4de5a0fedccd66647f58f5c79f7e32dcb07f4a5400bf"}
